<testsuites name="Marketplace Scenario Test"><testsuite name="ConfigurableMarketV2 Flow" package="ConfigurableMarketV2 Flow" id="0" time="325.814902875" timestamp="2024-06-26T07:52:31.00274496Z" hostname="localhost" tests="8" failures="0" errors="0" skipped="0"><properties/><testcase file="test/Test/TestStoryConfigurableMarket.hs" line="124" name="Should buy 1 token from sale with reference script" classname="ConfigurableMarketV2 Flow" time="18.163615423"/><testcase file="test/Test/TestStoryConfigurableMarket.hs" line="116" name="Should buy 1 token from sale" classname="ConfigurableMarketV2 Flow" time="148.503240668"/><testcase file="test/Test/TestStoryConfigurableMarket.hs" line="108" name="Should withdraw 1 token from sale with reference script" classname="ConfigurableMarketV2 Flow" time="18.192028028"/><testcase file="test/Test/TestStoryConfigurableMarket.hs" line="103" name="Should withdraw 1 token from sale" classname="ConfigurableMarketV2 Flow" time="4.102542472"/><testcase file="test/Test/TestStoryConfigurableMarket.hs" line="96" name="Should create market configuration" classname="ConfigurableMarketV2 Flow" time="6.145554265"/><testcase file="test/Test/TestStoryConfigurableMarket.hs" line="89" name="Should place 4 tokens on sale" classname="ConfigurableMarketV2 Flow" time="108.382485441"/><testcase file="test/Test/TestStoryConfigurableMarket.hs" line="83" name="Should create reference script UTxO" classname="ConfigurableMarketV2 Flow" time="12.157291429"/><testcase file="test/Test/TestStoryConfigurableMarket.hs" line="76" name="Should mint  4 Native Assets" classname="ConfigurableMarketV2 Flow" time="10.168145149"/></testsuite><testsuite name="ConfigurableMarketV3 Flow" package="ConfigurableMarketV3 Flow" id="1" time="195.507589773" timestamp="2024-06-26T07:52:31.00274496Z" hostname="localhost" tests="8" failures="0" errors="0" skipped="0"><properties/><testcase file="test/Test/TestStoryConfigurableMarket.hs" line="124" name="Should buy 1 token from sale with reference script" classname="ConfigurableMarketV3 Flow" time="10.110050685"/><testcase file="test/Test/TestStoryConfigurableMarket.hs" line="116" name="Should buy 1 token from sale" classname="ConfigurableMarketV3 Flow" time="4.100065188"/><testcase file="test/Test/TestStoryConfigurableMarket.hs" line="108" name="Should withdraw 1 token from sale with reference script" classname="ConfigurableMarketV3 Flow" time="36.223714998"/><testcase file="test/Test/TestStoryConfigurableMarket.hs" line="103" name="Should withdraw 1 token from sale" classname="ConfigurableMarketV3 Flow" time="16.151029454"/><testcase file="test/Test/TestStoryConfigurableMarket.hs" line="96" name="Should create market configuration" classname="ConfigurableMarketV3 Flow" time="42.271231601"/><testcase file="test/Test/TestStoryConfigurableMarket.hs" line="89" name="Should place 4 tokens on sale" classname="ConfigurableMarketV3 Flow" time="20.169979093"/><testcase file="test/Test/TestStoryConfigurableMarket.hs" line="83" name="Should create reference script UTxO" classname="ConfigurableMarketV3 Flow" time="26.232195869"/><testcase file="test/Test/TestStoryConfigurableMarket.hs" line="76" name="Should mint  4 Native Assets" classname="ConfigurableMarketV3 Flow" time="40.249322885"/></testsuite><testsuite name="SimpleMarketV2 Flow" package="SimpleMarketV2 Flow" id="2" time="131.300815501" timestamp="2024-06-26T07:52:31.00274496Z" hostname="localhost" tests="7" failures="0" errors="0" skipped="0"><properties/><testcase file="test/Test/TestStorySimpleMarket.hs" line="96" name="Should buy 1 token from sale with reference script" classname="SimpleMarketV2 Flow" time="6.151661745"/><testcase file="test/Test/TestStorySimpleMarket.hs" line="91" name="Should withdraw 1 token from sale with reference script" classname="SimpleMarketV2 Flow" time="10.143203476"/><testcase file="test/Test/TestStorySimpleMarket.hs" line="86" name="Should buy 1 token from sale" classname="SimpleMarketV2 Flow" time="24.197053837"/><testcase file="test/Test/TestStorySimpleMarket.hs" line="81" name="Should withdraw 1 token from sale" classname="SimpleMarketV2 Flow" time="12.198547546"/><testcase file="test/Test/TestStorySimpleMarket.hs" line="74" name="Should place 4 tokens on sale" classname="SimpleMarketV2 Flow" time="30.246143062"/><testcase file="test/Test/TestStorySimpleMarket.hs" line="68" name="Should create reference script UTxO" classname="SimpleMarketV2 Flow" time="38.214814603"/><testcase file="test/Test/TestStorySimpleMarket.hs" line="61" name="Should mint  4 Native Assets" classname="SimpleMarketV2 Flow" time="10.149391232"/></testsuite><testsuite name="SimpleMarketV3 Flow" package="SimpleMarketV3 Flow" id="3" time="125.259040404" timestamp="2024-06-26T07:52:31.00274496Z" hostname="localhost" tests="7" failures="0" errors="0" skipped="0"><properties/><testcase file="test/Test/TestStorySimpleMarket.hs" line="96" name="Should buy 1 token from sale with reference script" classname="SimpleMarketV3 Flow" time="10.124633257"/><testcase file="test/Test/TestStorySimpleMarket.hs" line="91" name="Should withdraw 1 token from sale with reference script" classname="SimpleMarketV3 Flow" time="8.255617229"/><testcase file="test/Test/TestStorySimpleMarket.hs" line="86" name="Should buy 1 token from sale" classname="SimpleMarketV3 Flow" time="20.155451339"/><testcase file="test/Test/TestStorySimpleMarket.hs" line="81" name="Should withdraw 1 token from sale" classname="SimpleMarketV3 Flow" time="46.268301113"/><testcase file="test/Test/TestStorySimpleMarket.hs" line="74" name="Should place 4 tokens on sale" classname="SimpleMarketV3 Flow" time="14.166724703"/><testcase file="test/Test/TestStorySimpleMarket.hs" line="68" name="Should create reference script UTxO" classname="SimpleMarketV3 Flow" time="8.138815416"/><testcase file="test/Test/TestStorySimpleMarket.hs" line="61" name="Should mint  4 Native Assets" classname="SimpleMarketV3 Flow" time="18.149497347"/></testsuite></testsuites>